# JRE version: Java(TM) SE Runtime Environment (8.0_161-b12) (build 1.8.0_161-b12)
# Java VM: Java HotSpot(TM) 64-Bit Server VM (25.161-b12 mixed mode windows-amd64 compressed oops)
Heap:
 PSYoungGen      total 129536K, used 82715K [0x000000076ae00000, 0x0000000773580000, 0x00000007c0000000)
  eden space 120320K, 61% used [0x000000076ae00000,0x000000076f5c6ec0,0x0000000772380000)
  from space 9216K, 99% used [0x0000000772380000,0x0000000772c7fdb0,0x0000000772c80000)
  to   space 7680K, 0% used [0x0000000772e00000,0x0000000772e00000,0x0000000773580000)
 ParOldGen       total 101376K, used 22449K [0x00000006c0a00000, 0x00000006c6d00000, 0x000000076ae00000)
  object space 101376K, 22% used [0x00000006c0a00000,0x00000006c1fec7c8,0x00000006c6d00000)
 Metaspace       used 49815K, capacity 52360K, committed 52480K, reserved 1105920K
  class space    used 6634K, capacity 7105K, committed 7168K, reserved 1048576K
GC Heap History (10 events):
Event: 6.083 GC heap before
{Heap before GC invocations=9 (full 1):
 PSYoungGen      total 129536K, used 129523K [0x000000076ae00000, 0x0000000773580000, 0x00000007c0000000)
  eden space 120320K, 100% used [0x000000076ae00000,0x0000000772380000,0x0000000772380000)
  from space 9216K, 99% used [0x0000000772380000,0x0000000772c7cf50,0x0000000772c80000)
  to   space 7680K, 0% used [0x0000000772e00000,0x0000000772e00000,0x0000000773580000)
 ParOldGen       total 79360K, used 6322K [0x00000006c0a00000, 0x00000006c5780000, 0x000000076ae00000)
  object space 79360K, 7% used [0x00000006c0a00000,0x00000006c102c878,0x00000006c5780000)
 Metaspace       used 31361K, capacity 33156K, committed 33280K, reserved 1079296K
  class space    used 4226K, capacity 4580K, committed 4608K, reserved 1048576K
Event: 6.091 GC heap after
Heap after GC invocations=9 (full 1):
 PSYoungGen      total 128000K, used 7648K [0x000000076ae00000, 0x0000000773580000, 0x00000007c0000000)
  eden space 120320K, 0% used [0x000000076ae00000,0x000000076ae00000,0x0000000772380000)
  from space 7680K, 99% used [0x0000000772e00000,0x0000000773578248,0x0000000773580000)
  to   space 9216K, 0% used [0x0000000772380000,0x0000000772380000,0x0000000772c80000)
 ParOldGen       total 79360K, used 10442K [0x00000006c0a00000, 0x00000006c5780000, 0x000000076ae00000)
  object space 79360K, 13% used [0x00000006c0a00000,0x00000006c1432a98,0x00000006c5780000)
 Metaspace       used 31361K, capacity 33156K, committed 33280K, reserved 1079296K
  class space    used 4226K, capacity 4580K, committed 4608K, reserved 1048576K
}
Event: 6.159 GC heap before
{Heap before GC invocations=10 (full 1):
 PSYoungGen      total 128000K, used 21692K [0x000000076ae00000, 0x0000000773580000, 0x00000007c0000000)
  eden space 120320K, 11% used [0x000000076ae00000,0x000000076bbb6de0,0x0000000772380000)
  from space 7680K, 99% used [0x0000000772e00000,0x0000000773578248,0x0000000773580000)
  to   space 9216K, 0% used [0x0000000772380000,0x0000000772380000,0x0000000772c80000)
 ParOldGen       total 79360K, used 10442K [0x00000006c0a00000, 0x00000006c5780000, 0x000000076ae00000)
  object space 79360K, 13% used [0x00000006c0a00000,0x00000006c1432a98,0x00000006c5780000)
 Metaspace       used 31738K, capacity 33446K, committed 33664K, reserved 1079296K
  class space    used 4285K, capacity 4613K, committed 4736K, reserved 1048576K
Event: 6.174 GC heap after
Heap after GC invocations=10 (full 1):
 PSYoungGen      total 129536K, used 5860K [0x000000076ae00000, 0x0000000773580000, 0x00000007c0000000)
  eden space 120320K, 0% used [0x000000076ae00000,0x000000076ae00000,0x0000000772380000)
  from space 9216K, 63% used [0x0000000772380000,0x0000000772939070,0x0000000772c80000)
  to   space 7680K, 0% used [0x0000000772e00000,0x0000000772e00000,0x0000000773580000)
 ParOldGen       total 79360K, used 12850K [0x00000006c0a00000, 0x00000006c5780000, 0x000000076ae00000)
  object space 79360K, 16% used [0x00000006c0a00000,0x00000006c168ca98,0x00000006c5780000)
 Metaspace       used 31738K, capacity 33446K, committed 33664K, reserved 1079296K
  class space    used 4285K, capacity 4613K, committed 4736K, reserved 1048576K
}
Event: 6.174 GC heap before
{Heap before GC invocations=11 (full 2):
 PSYoungGen      total 129536K, used 5860K [0x000000076ae00000, 0x0000000773580000, 0x00000007c0000000)
  eden space 120320K, 0% used [0x000000076ae00000,0x000000076ae00000,0x0000000772380000)
  from space 9216K, 63% used [0x0000000772380000,0x0000000772939070,0x0000000772c80000)
  to   space 7680K, 0% used [0x0000000772e00000,0x0000000772e00000,0x0000000773580000)
 ParOldGen       total 79360K, used 12850K [0x00000006c0a00000, 0x00000006c5780000, 0x000000076ae00000)
  object space 79360K, 16% used [0x00000006c0a00000,0x00000006c168ca98,0x00000006c5780000)
 Metaspace       used 31738K, capacity 33446K, committed 33664K, reserved 1079296K
  class space    used 4285K, capacity 4613K, committed 4736K, reserved 1048576K
Event: 6.216 GC heap after
Heap after GC invocations=11 (full 2):
 PSYoungGen      total 129536K, used 0K [0x000000076ae00000, 0x0000000773580000, 0x00000007c0000000)
  eden space 120320K, 0% used [0x000000076ae00000,0x000000076ae00000,0x0000000772380000)
  from space 9216K, 0% used [0x0000000772380000,0x0000000772380000,0x0000000772c80000)
  to   space 7680K, 0% used [0x0000000772e00000,0x0000000772e00000,0x0000000773580000)
 ParOldGen       total 101376K, used 13992K [0x00000006c0a00000, 0x00000006c6d00000, 0x000000076ae00000)
  object space 101376K, 13% used [0x00000006c0a00000,0x00000006c17aa130,0x00000006c6d00000)
 Metaspace       used 31738K, capacity 33446K, committed 33664K, reserved 1079296K
  class space    used 4285K, capacity 4613K, committed 4736K, reserved 1048576K
}
Event: 7.001 GC heap before
{Heap before GC invocations=12 (full 2):
 PSYoungGen      total 129536K, used 120320K [0x000000076ae00000, 0x0000000773580000, 0x00000007c0000000)
  eden space 120320K, 100% used [0x000000076ae00000,0x0000000772380000,0x0000000772380000)
  from space 9216K, 0% used [0x0000000772380000,0x0000000772380000,0x0000000772c80000)
  to   space 7680K, 0% used [0x0000000772e00000,0x0000000772e00000,0x0000000773580000)
 ParOldGen       total 101376K, used 13992K [0x00000006c0a00000, 0x00000006c6d00000, 0x000000076ae00000)
  object space 101376K, 13% used [0x00000006c0a00000,0x00000006c17aa130,0x00000006c6d00000)
 Metaspace       used 40739K, capacity 42678K, committed 43008K, reserved 1087488K
  class space    used 5381K, capacity 5783K, committed 5888K, reserved 1048576K
Event: 7.008 GC heap after
Heap after GC invocations=12 (full 2):
 PSYoungGen      total 128000K, used 7655K [0x000000076ae00000, 0x0000000773580000, 0x00000007c0000000)
  eden space 120320K, 0% used [0x000000076ae00000,0x000000076ae00000,0x0000000772380000)
  from space 7680K, 99% used [0x0000000772e00000,0x0000000773579d38,0x0000000773580000)
  to   space 9216K, 0% used [0x0000000772380000,0x0000000772380000,0x0000000772c80000)
 ParOldGen       total 101376K, used 16433K [0x00000006c0a00000, 0x00000006c6d00000, 0x000000076ae00000)
  object space 101376K, 16% used [0x00000006c0a00000,0x00000006c1a0c6a0,0x00000006c6d00000)
 Metaspace       used 40739K, capacity 42678K, committed 43008K, reserved 1087488K
  class space    used 5381K, capacity 5783K, committed 5888K, reserved 1048576K
}
Event: 7.764 GC heap before
{Heap before GC invocations=13 (full 2):
 PSYoungGen      total 128000K, used 127975K [0x000000076ae00000, 0x0000000773580000, 0x00000007c0000000)
  eden space 120320K, 100% used [0x000000076ae00000,0x0000000772380000,0x0000000772380000)
  from space 7680K, 99% used [0x0000000772e00000,0x0000000773579d38,0x0000000773580000)
  to   space 9216K, 0% used [0x0000000772380000,0x0000000772380000,0x0000000772c80000)
 ParOldGen       total 101376K, used 16433K [0x00000006c0a00000, 0x00000006c6d00000, 0x000000076ae00000)
  object space 101376K, 16% used [0x00000006c0a00000,0x00000006c1a0c6a0,0x00000006c6d00000)
 Metaspace       used 46288K, capacity 48626K, committed 48896K, reserved 1093632K
  class space    used 6157K, capacity 6608K, committed 6656K, reserved 1048576K
Event: 7.774 GC heap after
Heap after GC invocations=13 (full 2):
 PSYoungGen      total 129536K, used 9215K [0x000000076ae00000, 0x0000000773580000, 0x00000007c0000000)
  eden space 120320K, 0% used [0x000000076ae00000,0x000000076ae00000,0x0000000772380000)
  from space 9216K, 99% used [0x0000000772380000,0x0000000772c7fdb0,0x0000000772c80000)
  to   space 7680K, 0% used [0x0000000772e00000,0x0000000772e00000,0x0000000773580000)
 ParOldGen       total 101376K, used 22449K [0x00000006c0a00000, 0x00000006c6d00000, 0x000000076ae00000)
  object space 101376K, 22% used [0x00000006c0a00000,0x00000006c1fec7c8,0x00000006c6d00000)
 Metaspace       used 46288K, capacity 48626K, committed 48896K, reserved 1093632K
  class space    used 6157K, capacity 6608K, committed 6656K, reserved 1048576K
}

