# JRE version: Java(TM) SE Runtime Environment (8.0_161-b12) (build 1.8.0_161-b12)
# Java VM: Java HotSpot(TM) 64-Bit Server VM (25.161-b12 mixed mode windows-amd64 compressed oops)
Heap:
 PSYoungGen      total 171008K, used 3062K [0x000000076ae00000, 0x0000000776100000, 0x00000007c0000000)
  eden space 158720K, 1% used [0x000000076ae00000,0x000000076b0fdb20,0x0000000774900000)
  from space 12288K, 0% used [0x0000000774900000,0x0000000774900000,0x0000000775500000)
  to   space 7168K, 0% used [0x0000000775a00000,0x0000000775a00000,0x0000000776100000)
 ParOldGen       total 86016K, used 17112K [0x00000006c0a00000, 0x00000006c5e00000, 0x000000076ae00000)
  object space 86016K, 19% used [0x00000006c0a00000,0x00000006c1ab61a8,0x00000006c5e00000)
 Metaspace       used 40703K, capacity 42416K, committed 43008K, reserved 1099776K
  class space    used 5393K, capacity 5760K, committed 5888K, reserved 1048576K
GC Heap History (10 events):
Event: 8.060 GC heap before
{Heap before GC invocations=15 (full 4):
 PSYoungGen      total 171008K, used 3329K [0x000000076ae00000, 0x0000000776100000, 0x00000007c0000000)
  eden space 158720K, 0% used [0x000000076ae00000,0x000000076ae00000,0x0000000774900000)
  from space 12288K, 27% used [0x0000000774900000,0x0000000774c405f0,0x0000000775500000)
  to   space 7168K, 0% used [0x0000000775a00000,0x0000000775a00000,0x0000000776100000)
 ParOldGen       total 86016K, used 19088K [0x00000006c0a00000, 0x00000006c5e00000, 0x000000076ae00000)
  object space 86016K, 22% used [0x00000006c0a00000,0x00000006c1ca4388,0x00000006c5e00000)
 Metaspace       used 40953K, capacity 42816K, committed 43008K, reserved 1099776K
  class space    used 5433K, capacity 5832K, committed 5888K, reserved 1048576K
Event: 8.090 GC heap after
Heap after GC invocations=15 (full 4):
 PSYoungGen      total 171008K, used 0K [0x000000076ae00000, 0x0000000776100000, 0x00000007c0000000)
  eden space 158720K, 0% used [0x000000076ae00000,0x000000076ae00000,0x0000000774900000)
  from space 12288K, 0% used [0x0000000774900000,0x0000000774900000,0x0000000775500000)
  to   space 7168K, 0% used [0x0000000775a00000,0x0000000775a00000,0x0000000776100000)
 ParOldGen       total 86016K, used 20357K [0x00000006c0a00000, 0x00000006c5e00000, 0x000000076ae00000)
  object space 86016K, 23% used [0x00000006c0a00000,0x00000006c1de14e8,0x00000006c5e00000)
 Metaspace       used 40953K, capacity 42816K, committed 43008K, reserved 1097728K
  class space    used 5433K, capacity 5832K, committed 5888K, reserved 1048576K
}
Event: 8.090 GC heap before
{Heap before GC invocations=16 (full 4):
 PSYoungGen      total 171008K, used 0K [0x000000076ae00000, 0x0000000776100000, 0x00000007c0000000)
  eden space 158720K, 0% used [0x000000076ae00000,0x000000076ae00000,0x0000000774900000)
  from space 12288K, 0% used [0x0000000774900000,0x0000000774900000,0x0000000775500000)
  to   space 7168K, 0% used [0x0000000775a00000,0x0000000775a00000,0x0000000776100000)
 ParOldGen       total 86016K, used 20357K [0x00000006c0a00000, 0x00000006c5e00000, 0x000000076ae00000)
  object space 86016K, 23% used [0x00000006c0a00000,0x00000006c1de14e8,0x00000006c5e00000)
 Metaspace       used 40953K, capacity 42816K, committed 43008K, reserved 1101824K
  class space    used 5433K, capacity 5832K, committed 5888K, reserved 1048576K
Event: 8.092 GC heap after
Heap after GC invocations=16 (full 4):
 PSYoungGen      total 165888K, used 0K [0x000000076ae00000, 0x0000000776100000, 0x00000007c0000000)
  eden space 158720K, 0% used [0x000000076ae00000,0x000000076ae00000,0x0000000774900000)
  from space 7168K, 0% used [0x0000000775a00000,0x0000000775a00000,0x0000000776100000)
  to   space 12288K, 0% used [0x0000000774900000,0x0000000774900000,0x0000000775500000)
 ParOldGen       total 86016K, used 20357K [0x00000006c0a00000, 0x00000006c5e00000, 0x000000076ae00000)
  object space 86016K, 23% used [0x00000006c0a00000,0x00000006c1de14e8,0x00000006c5e00000)
 Metaspace       used 40953K, capacity 42816K, committed 43008K, reserved 1101824K
  class space    used 5433K, capacity 5832K, committed 5888K, reserved 1048576K
}
Event: 8.092 GC heap before
{Heap before GC invocations=17 (full 5):
 PSYoungGen      total 165888K, used 0K [0x000000076ae00000, 0x0000000776100000, 0x00000007c0000000)
  eden space 158720K, 0% used [0x000000076ae00000,0x000000076ae00000,0x0000000774900000)
  from space 7168K, 0% used [0x0000000775a00000,0x0000000775a00000,0x0000000776100000)
  to   space 12288K, 0% used [0x0000000774900000,0x0000000774900000,0x0000000775500000)
 ParOldGen       total 86016K, used 20357K [0x00000006c0a00000, 0x00000006c5e00000, 0x000000076ae00000)
  object space 86016K, 23% used [0x00000006c0a00000,0x00000006c1de14e8,0x00000006c5e00000)
 Metaspace       used 40953K, capacity 42816K, committed 43008K, reserved 1101824K
  class space    used 5433K, capacity 5832K, committed 5888K, reserved 1048576K
Event: 8.162 GC heap after
Heap after GC invocations=17 (full 5):
 PSYoungGen      total 165888K, used 0K [0x000000076ae00000, 0x0000000776100000, 0x00000007c0000000)
  eden space 158720K, 0% used [0x000000076ae00000,0x000000076ae00000,0x0000000774900000)
  from space 7168K, 0% used [0x0000000775a00000,0x0000000775a00000,0x0000000776100000)
  to   space 12288K, 0% used [0x0000000774900000,0x0000000774900000,0x0000000775500000)
 ParOldGen       total 86016K, used 20198K [0x00000006c0a00000, 0x00000006c5e00000, 0x000000076ae00000)
  object space 86016K, 23% used [0x00000006c0a00000,0x00000006c1db98a8,0x00000006c5e00000)
 Metaspace       used 40953K, capacity 42816K, committed 43008K, reserved 1097728K
  class space    used 5433K, capacity 5832K, committed 5888K, reserved 1048576K
}
Event: 8.162 GC heap before
{Heap before GC invocations=18 (full 5):
 PSYoungGen      total 165888K, used 0K [0x000000076ae00000, 0x0000000776100000, 0x00000007c0000000)
  eden space 158720K, 0% used [0x000000076ae00000,0x000000076ae00000,0x0000000774900000)
  from space 7168K, 0% used [0x0000000775a00000,0x0000000775a00000,0x0000000776100000)
  to   space 12288K, 0% used [0x0000000774900000,0x0000000774900000,0x0000000775500000)
 ParOldGen       total 86016K, used 20198K [0x00000006c0a00000, 0x00000006c5e00000, 0x000000076ae00000)
  object space 86016K, 23% used [0x00000006c0a00000,0x00000006c1db98a8,0x00000006c5e00000)
 Metaspace       used 40953K, capacity 42816K, committed 43008K, reserved 1101824K
  class space    used 5433K, capacity 5832K, committed 5888K, reserved 1048576K
Event: 8.164 GC heap after
Heap after GC invocations=18 (full 5):
 PSYoungGen      total 171008K, used 0K [0x000000076ae00000, 0x0000000776100000, 0x00000007c0000000)
  eden space 158720K, 0% used [0x000000076ae00000,0x000000076ae00000,0x0000000774900000)
  from space 12288K, 0% used [0x0000000774900000,0x0000000774900000,0x0000000775500000)
  to   space 7168K, 0% used [0x0000000775a00000,0x0000000775a00000,0x0000000776100000)
 ParOldGen       total 86016K, used 20198K [0x00000006c0a00000, 0x00000006c5e00000, 0x000000076ae00000)
  object space 86016K, 23% used [0x00000006c0a00000,0x00000006c1db98a8,0x00000006c5e00000)
 Metaspace       used 40953K, capacity 42816K, committed 43008K, reserved 1101824K
  class space    used 5433K, capacity 5832K, committed 5888K, reserved 1048576K
}
Event: 8.164 GC heap before
{Heap before GC invocations=19 (full 6):
 PSYoungGen      total 171008K, used 0K [0x000000076ae00000, 0x0000000776100000, 0x00000007c0000000)
  eden space 158720K, 0% used [0x000000076ae00000,0x000000076ae00000,0x0000000774900000)
  from space 12288K, 0% used [0x0000000774900000,0x0000000774900000,0x0000000775500000)
  to   space 7168K, 0% used [0x0000000775a00000,0x0000000775a00000,0x0000000776100000)
 ParOldGen       total 86016K, used 20198K [0x00000006c0a00000, 0x00000006c5e00000, 0x000000076ae00000)
  object space 86016K, 23% used [0x00000006c0a00000,0x00000006c1db98a8,0x00000006c5e00000)
 Metaspace       used 40953K, capacity 42816K, committed 43008K, reserved 1101824K
  class space    used 5433K, capacity 5832K, committed 5888K, reserved 1048576K
Event: 8.260 GC heap after
Heap after GC invocations=19 (full 6):
 PSYoungGen      total 171008K, used 0K [0x000000076ae00000, 0x0000000776100000, 0x00000007c0000000)
  eden space 158720K, 0% used [0x000000076ae00000,0x000000076ae00000,0x0000000774900000)
  from space 12288K, 0% used [0x0000000774900000,0x0000000774900000,0x0000000775500000)
  to   space 7168K, 0% used [0x0000000775a00000,0x0000000775a00000,0x0000000776100000)
 ParOldGen       total 86016K, used 17112K [0x00000006c0a00000, 0x00000006c5e00000, 0x000000076ae00000)
  object space 86016K, 19% used [0x00000006c0a00000,0x00000006c1ab61a8,0x00000006c5e00000)
 Metaspace       used 40703K, capacity 42416K, committed 43008K, reserved 1097728K
  class space    used 5393K, capacity 5760K, committed 5888K, reserved 1048576K
}

